{"/home/mhmd/projects/ammblog/index.js":{"path":"/home/mhmd/projects/ammblog/index.js","s":{"1":1,"2":1,"3":1,"4":1,"5":1,"6":0,"7":1,"8":1,"9":1,"10":1,"11":0,"12":0,"13":0,"14":1},"b":{"1":[1,1],"2":[1,0],"3":[0,1]},"f":{},"fnMap":{},"statementMap":{"1":{"start":{"line":1,"column":0},"end":{"line":1,"column":29}},"2":{"start":{"line":2,"column":0},"end":{"line":2,"column":33}},"3":{"start":{"line":3,"column":0},"end":{"line":3,"column":52}},"4":{"start":{"line":5,"column":0},"end":{"line":5,"column":50}},"5":{"start":{"line":7,"column":0},"end":{"line":14,"column":3}},"6":{"start":{"line":12,"column":4},"end":{"line":12,"column":26}},"7":{"start":{"line":15,"column":0},"end":{"line":27,"column":3}},"8":{"start":{"line":20,"column":4},"end":{"line":25,"column":9}},"9":{"start":{"line":21,"column":10},"end":{"line":24,"column":23}},"10":{"start":{"line":28,"column":0},"end":{"line":33,"column":1}},"11":{"start":{"line":29,"column":0},"end":{"line":32,"column":3}},"12":{"start":{"line":30,"column":2},"end":{"line":30,"column":21}},"13":{"start":{"line":31,"column":2},"end":{"line":31,"column":18}},"14":{"start":{"line":35,"column":0},"end":{"line":35,"column":24}}},"branchMap":{"1":{"line":5,"type":"binary-expr","locations":[{"start":{"line":5,"column":24},"end":{"line":5,"column":40}},{"start":{"line":5,"column":42},"end":{"line":5,"column":46}}]},"2":{"line":20,"type":"if","locations":[{"start":{"line":20,"column":4},"end":{"line":20,"column":4}},{"start":{"line":20,"column":4},"end":{"line":20,"column":4}}]},"3":{"line":28,"type":"if","locations":[{"start":{"line":28,"column":0},"end":{"line":28,"column":0}},{"start":{"line":28,"column":0},"end":{"line":28,"column":0}}]}}},"/home/mhmd/projects/ammblog/app/dbutils/client.js":{"path":"/home/mhmd/projects/ammblog/app/dbutils/client.js","s":{"1":1,"2":1,"3":1,"4":1,"5":1,"6":0,"7":0,"8":1},"b":{"1":[0,0]},"f":{},"fnMap":{},"statementMap":{"1":{"start":{"line":1,"column":0},"end":{"line":1,"column":23}},"2":{"start":{"line":2,"column":0},"end":{"line":2,"column":37}},"3":{"start":{"line":3,"column":0},"end":{"line":3,"column":35}},"4":{"start":{"line":5,"column":0},"end":{"line":5,"column":42}},"5":{"start":{"line":6,"column":0},"end":{"line":8,"column":3}},"6":{"start":{"line":7,"column":4},"end":{"line":7,"column":23}},"7":{"start":{"line":7,"column":13},"end":{"line":7,"column":23}},"8":{"start":{"line":10,"column":0},"end":{"line":12,"column":1}}},"branchMap":{"1":{"line":7,"type":"if","locations":[{"start":{"line":7,"column":4},"end":{"line":7,"column":4}},{"start":{"line":7,"column":4},"end":{"line":7,"column":4}}]}}},"/home/mhmd/projects/ammblog/app/dbutils/connect.js":{"path":"/home/mhmd/projects/ammblog/app/dbutils/connect.js","s":{"1":1,"2":1,"3":1,"4":1,"5":0,"6":0,"7":1,"8":1,"9":1,"10":0,"11":0,"12":1},"b":{"1":[0,0],"2":[0,0]},"f":{"1":1,"2":0},"fnMap":{"1":{"name":"createtable","line":13,"loc":{"start":{"line":13,"column":0},"end":{"line":13,"column":33}}},"2":{"name":"(anonymous_2)","line":21,"loc":{"start":{"line":21,"column":16},"end":{"line":21,"column":30}}}},"statementMap":{"1":{"start":{"line":1,"column":0},"end":{"line":1,"column":23}},"2":{"start":{"line":3,"column":0},"end":{"line":11,"column":1}},"3":{"start":{"line":4,"column":4},"end":{"line":4,"column":39}},"4":{"start":{"line":5,"column":4},"end":{"line":9,"column":6}},"5":{"start":{"line":6,"column":8},"end":{"line":8,"column":9}},"6":{"start":{"line":7,"column":12},"end":{"line":7,"column":22}},"7":{"start":{"line":10,"column":4},"end":{"line":10,"column":18}},"8":{"start":{"line":13,"column":0},"end":{"line":24,"column":3}},"9":{"start":{"line":14,"column":4},"end":{"line":23,"column":7}},"10":{"start":{"line":22,"column":8},"end":{"line":22,"column":27}},"11":{"start":{"line":22,"column":17},"end":{"line":22,"column":27}},"12":{"start":{"line":26,"column":0},"end":{"line":29,"column":2}}},"branchMap":{"1":{"line":6,"type":"if","locations":[{"start":{"line":6,"column":8},"end":{"line":6,"column":8}},{"start":{"line":6,"column":8},"end":{"line":6,"column":8}}]},"2":{"line":22,"type":"if","locations":[{"start":{"line":22,"column":8},"end":{"line":22,"column":8}},{"start":{"line":22,"column":8},"end":{"line":22,"column":8}}]}}},"/home/mhmd/projects/ammblog/app/dbutils/config.js":{"path":"/home/mhmd/projects/ammblog/app/dbutils/config.js","s":{"1":1},"b":{},"f":{},"fnMap":{},"statementMap":{"1":{"start":{"line":1,"column":0},"end":{"line":8,"column":1}}},"branchMap":{}}}