TN:
SF:/home/mhmd/projects/ammblog/index.js
FNF:0
FNH:0
DA:1,1
DA:2,1
DA:3,1
DA:5,1
DA:7,1
DA:12,0
DA:15,1
DA:20,1
DA:21,1
DA:28,1
DA:29,0
DA:30,0
DA:31,0
DA:35,1
LF:14
LH:10
BRDA:5,1,0,1
BRDA:5,1,1,1
BRDA:20,2,0,1
BRDA:20,2,1,0
BRDA:28,3,0,0
BRDA:28,3,1,1
BRF:6
BRH:4
end_of_record
TN:
SF:/home/mhmd/projects/ammblog/app/dbutils/client.js
FNF:0
FNH:0
DA:1,1
DA:2,1
DA:3,1
DA:5,1
DA:6,1
DA:7,0
DA:10,1
LF:7
LH:6
BRDA:7,1,0,0
BRDA:7,1,1,0
BRF:2
BRH:0
end_of_record
TN:
SF:/home/mhmd/projects/ammblog/app/dbutils/connect.js
FN:13,createtable
FN:21,(anonymous_2)
FNF:2
FNH:1
FNDA:1,createtable
FNDA:0,(anonymous_2)
DA:1,1
DA:3,1
DA:4,1
DA:5,1
DA:6,0
DA:7,0
DA:10,1
DA:13,1
DA:14,1
DA:22,0
DA:26,1
LF:11
LH:8
BRDA:6,1,0,0
BRDA:6,1,1,0
BRDA:22,2,0,0
BRDA:22,2,1,0
BRF:4
BRH:0
end_of_record
TN:
SF:/home/mhmd/projects/ammblog/app/dbutils/config.js
FNF:0
FNH:0
DA:1,1
LF:1
LH:1
BRF:0
BRH:0
end_of_record
